<?xml version="1.0" encoding="UTF-8"?>
<!-- Generated by org.testng.reporters.JUnitXMLReporter -->
<testsuite hostname="Foyr-Dev-App" name="Home ART Home Page Loading" tests="12" failures="9" timestamp="28 Jun 2016 08:16:26 GMT" time="534.828" errors="0">
  <testcase name="testHomeARTHomePageLoading" time="55.393" classname="HomePageLoadTime.testHomeARTHomePageLoading">
    <failure type="java.lang.AssertionError" message="FAIL">
      <![CDATA[java.lang.AssertionError: FAIL
	at util.Keywords.closeBrowser(Keywords.java:3165)
	at util.Keywords.executeKeywords(Keywords.java:150)
	at HomePageLoadTime.testHomeARTHomePageLoading.testHomeARTHomePageLoading(testHomeARTHomePageLoading.java:21)
... Removed 25 stack frames]]>
    </failure>
  </testcase> <!-- testHomeARTHomePageLoading -->
  <testcase name="testHomeARTHomePageLoading" time="59.024" classname="HomePageLoadTime.testHomeARTHomePageLoading">
    <failure type="java.lang.AssertionError" message="FAIL">
      <![CDATA[java.lang.AssertionError: FAIL
	at util.Keywords.closeBrowser(Keywords.java:3165)
	at util.Keywords.executeKeywords(Keywords.java:150)
	at HomePageLoadTime.testHomeARTHomePageLoading.testHomeARTHomePageLoading(testHomeARTHomePageLoading.java:21)
... Removed 25 stack frames]]>
    </failure>
  </testcase> <!-- testHomeARTHomePageLoading -->
  <testcase name="testHomeARTHomePageLoading" time="23.843" classname="HomePageLoadTime.testHomeARTHomePageLoading"/>
  <testcase name="testHomeARTHomePageLoading" time="54.931" classname="HomePageLoadTime.testHomeARTHomePageLoading">
    <failure type="java.lang.AssertionError" message="FAIL">
      <![CDATA[java.lang.AssertionError: FAIL
	at util.Keywords.closeBrowser(Keywords.java:3165)
	at util.Keywords.executeKeywords(Keywords.java:150)
	at HomePageLoadTime.testHomeARTHomePageLoading.testHomeARTHomePageLoading(testHomeARTHomePageLoading.java:21)
... Removed 25 stack frames]]>
    </failure>
  </testcase> <!-- testHomeARTHomePageLoading -->
  <testcase name="testHomeARTHomePageLoading" time="54.91" classname="HomePageLoadTime.testHomeARTHomePageLoading">
    <failure type="java.lang.AssertionError" message="FAIL">
      <![CDATA[java.lang.AssertionError: FAIL
	at util.Keywords.closeBrowser(Keywords.java:3165)
	at util.Keywords.executeKeywords(Keywords.java:150)
	at HomePageLoadTime.testHomeARTHomePageLoading.testHomeARTHomePageLoading(testHomeARTHomePageLoading.java:21)
... Removed 25 stack frames]]>
    </failure>
  </testcase> <!-- testHomeARTHomePageLoading -->
  <testcase name="testHomeARTHomePageLoading" time="23.385" classname="HomePageLoadTime.testHomeARTHomePageLoading"/>
  <testcase name="testHomeARTHomePageLoading" time="20.592" classname="HomePageLoadTime.testHomeARTHomePageLoading"/>
  <testcase name="testHomeARTHomePageLoading" time="49.013" classname="HomePageLoadTime.testHomeARTHomePageLoading">
    <failure type="java.lang.AssertionError" message="FAIL">
      <![CDATA[java.lang.AssertionError: FAIL
	at util.Keywords.closeBrowser(Keywords.java:3165)
	at util.Keywords.executeKeywords(Keywords.java:150)
	at HomePageLoadTime.testHomeARTHomePageLoading.testHomeARTHomePageLoading(testHomeARTHomePageLoading.java:21)
... Removed 25 stack frames]]>
    </failure>
  </testcase> <!-- testHomeARTHomePageLoading -->
  <testcase name="testHomeARTHomePageLoading" time="47.85" classname="HomePageLoadTime.testHomeARTHomePageLoading">
    <failure type="java.lang.AssertionError" message="FAIL">
      <![CDATA[java.lang.AssertionError: FAIL
	at util.Keywords.closeBrowser(Keywords.java:3165)
	at util.Keywords.executeKeywords(Keywords.java:150)
	at HomePageLoadTime.testHomeARTHomePageLoading.testHomeARTHomePageLoading(testHomeARTHomePageLoading.java:21)
... Removed 25 stack frames]]>
    </failure>
  </testcase> <!-- testHomeARTHomePageLoading -->
  <testcase name="testHomeARTHomePageLoading" time="48.391" classname="HomePageLoadTime.testHomeARTHomePageLoading">
    <failure type="java.lang.AssertionError" message="FAIL">
      <![CDATA[java.lang.AssertionError: FAIL
	at util.Keywords.closeBrowser(Keywords.java:3165)
	at util.Keywords.executeKeywords(Keywords.java:150)
	at HomePageLoadTime.testHomeARTHomePageLoading.testHomeARTHomePageLoading(testHomeARTHomePageLoading.java:21)
... Removed 25 stack frames]]>
    </failure>
  </testcase> <!-- testHomeARTHomePageLoading -->
  <testcase name="testHomeARTHomePageLoading" time="48.115" classname="HomePageLoadTime.testHomeARTHomePageLoading">
    <failure type="java.lang.AssertionError" message="FAIL">
      <![CDATA[java.lang.AssertionError: FAIL
	at util.Keywords.closeBrowser(Keywords.java:3165)
	at util.Keywords.executeKeywords(Keywords.java:150)
	at HomePageLoadTime.testHomeARTHomePageLoading.testHomeARTHomePageLoading(testHomeARTHomePageLoading.java:21)
... Removed 25 stack frames]]>
    </failure>
  </testcase> <!-- testHomeARTHomePageLoading -->
  <testcase name="testHomeARTHomePageLoading" time="48.911" classname="HomePageLoadTime.testHomeARTHomePageLoading">
    <failure type="java.lang.AssertionError" message="FAIL">
      <![CDATA[java.lang.AssertionError: FAIL
	at util.Keywords.closeBrowser(Keywords.java:3165)
	at util.Keywords.executeKeywords(Keywords.java:150)
	at HomePageLoadTime.testHomeARTHomePageLoading.testHomeARTHomePageLoading(testHomeARTHomePageLoading.java:21)
... Removed 25 stack frames]]>
    </failure>
  </testcase> <!-- testHomeARTHomePageLoading -->
</testsuite> <!-- Home ART Home Page Loading -->
