<?xml version="1.0" encoding="UTF-8"?>
<!-- Generated by org.testng.reporters.JUnitXMLReporter -->
<testsuite hostname="Foyr-Dev-App" name="Default test" tests="12" failures="0" timestamp="28 Jun 2016 08:03:38 GMT" time="58.677" errors="0">
  <testcase name="testSKGHomePageLoading" time="29.228" classname="HomePageLoadTime.testSKGHomePageLoading"/>
  <testcase name="testSKGHomePageLoading" time="26.571" classname="HomePageLoadTime.testSKGHomePageLoading"/>
  <testcase name="testSKGHomePageLoading" time="0.31" classname="HomePageLoadTime.testSKGHomePageLoading">
    <skipped/>
  </testcase> <!-- testSKGHomePageLoading -->
  <testcase name="testSKGHomePageLoading" time="0.29" classname="HomePageLoadTime.testSKGHomePageLoading">
    <skipped/>
  </testcase> <!-- testSKGHomePageLoading -->
  <testcase name="testSKGHomePageLoading" time="0.243" classname="HomePageLoadTime.testSKGHomePageLoading">
    <skipped/>
  </testcase> <!-- testSKGHomePageLoading -->
  <testcase name="testSKGHomePageLoading" time="0.238" classname="HomePageLoadTime.testSKGHomePageLoading">
    <skipped/>
  </testcase> <!-- testSKGHomePageLoading -->
  <testcase name="testSKGHomePageLoading" time="0.272" classname="HomePageLoadTime.testSKGHomePageLoading">
    <skipped/>
  </testcase> <!-- testSKGHomePageLoading -->
  <testcase name="testSKGHomePageLoading" time="0.231" classname="HomePageLoadTime.testSKGHomePageLoading">
    <skipped/>
  </testcase> <!-- testSKGHomePageLoading -->
  <testcase name="testSKGHomePageLoading" time="0.202" classname="HomePageLoadTime.testSKGHomePageLoading">
    <skipped/>
  </testcase> <!-- testSKGHomePageLoading -->
  <testcase name="testSKGHomePageLoading" time="0.272" classname="HomePageLoadTime.testSKGHomePageLoading">
    <skipped/>
  </testcase> <!-- testSKGHomePageLoading -->
  <testcase name="testSKGHomePageLoading" time="0.182" classname="HomePageLoadTime.testSKGHomePageLoading">
    <skipped/>
  </testcase> <!-- testSKGHomePageLoading -->
  <testcase name="testSKGHomePageLoading" time="0.195" classname="HomePageLoadTime.testSKGHomePageLoading">
    <skipped/>
  </testcase> <!-- testSKGHomePageLoading -->
</testsuite> <!-- Default test -->
