<?xml version="1.0" encoding="UTF-8"?>
<!-- Generated by org.testng.reporters.JUnitXMLReporter -->
<testsuite hostname="Foyr-Dev-App" name="Test Foyr HomePage Loading" tests="4" failures="0" timestamp="17 Jun 2016 11:29:12 GMT" time="1.614" errors="0">
  <testcase name="testFoyrHomePageLoading" time="0.41" classname="PageTest.testFoyrHomePageLoading">
    <skipped/>
  </testcase> <!-- testFoyrHomePageLoading -->
  <testcase name="testFoyrHomePageLoading" time="0.406" classname="PageTest.testFoyrHomePageLoading">
    <skipped/>
  </testcase> <!-- testFoyrHomePageLoading -->
  <testcase name="testFoyrHomePageLoading" time="0.36" classname="PageTest.testFoyrHomePageLoading">
    <skipped/>
  </testcase> <!-- testFoyrHomePageLoading -->
  <testcase name="testFoyrHomePageLoading" time="0.412" classname="PageTest.testFoyrHomePageLoading">
    <skipped/>
  </testcase> <!-- testFoyrHomePageLoading -->
</testsuite> <!-- Test Foyr HomePage Loading -->
