<?xml version="1.0" encoding="UTF-8"?>
<!-- Generated by org.testng.reporters.JUnitXMLReporter -->
<testsuite hostname="Foyr-Dev-App" name="Test SKG HomePage Loading" tests="4" failures="0" timestamp="17 Jun 2016 11:29:08 GMT" time="4.318" errors="0">
  <testcase name="testSKGHomePageLoading" time="1.723" classname="PageTest.testSKGHomePageLoading">
    <skipped/>
  </testcase> <!-- testSKGHomePageLoading -->
  <testcase name="testSKGHomePageLoading" time="1.072" classname="PageTest.testSKGHomePageLoading">
    <skipped/>
  </testcase> <!-- testSKGHomePageLoading -->
  <testcase name="testSKGHomePageLoading" time="0.716" classname="PageTest.testSKGHomePageLoading">
    <skipped/>
  </testcase> <!-- testSKGHomePageLoading -->
  <testcase name="testSKGHomePageLoading" time="0.575" classname="PageTest.testSKGHomePageLoading">
    <skipped/>
  </testcase> <!-- testSKGHomePageLoading -->
</testsuite> <!-- Test SKG HomePage Loading -->
