<?xml version="1.0" encoding="UTF-8"?>
<!-- Generated by org.testng.reporters.JUnitXMLReporter -->
<testsuite hostname="Foyr-Dev-App" name="Test SKGHome 3DButton" tests="12" failures="1" timestamp="4 Jul 2016 06:34:05 GMT" time="1154.014" errors="0">
  <testcase name="testSKGHome3DButton" time="156.163" classname="B2B_PageLoadTime.testSKGHome3DButton"/>
  <testcase name="testSKGHome3DButton" time="115.873" classname="B2B_PageLoadTime.testSKGHome3DButton"/>
  <testcase name="testSKGHome3DButton" time="70.494" classname="B2B_PageLoadTime.testSKGHome3DButton"/>
  <testcase name="testSKGHome3DButton" time="63.146" classname="B2B_PageLoadTime.testSKGHome3DButton"/>
  <testcase name="testSKGHome3DButton" time="59.467" classname="B2B_PageLoadTime.testSKGHome3DButton"/>
  <testcase name="testSKGHome3DButton" time="58.711" classname="B2B_PageLoadTime.testSKGHome3DButton"/>
  <testcase name="testSKGHome3DButton" time="177.005" classname="B2B_PageLoadTime.testSKGHome3DButton">
    <failure type="java.lang.AssertionError" message="FAIL">
      <![CDATA[java.lang.AssertionError: FAIL
	at util.Keywords.closeBrowser(Keywords.java:3170)
	at util.Keywords.reportError(Keywords.java:3460)
	at util.Keywords.PageTimer(Keywords.java:443)
	at util.Keywords.TestRoomGallary(Keywords.java:511)
	at util.Keywords.executeKeywords(Keywords.java:413)
	at B2B_PageLoadTime.testSKGHome3DButton.testSKGHome3DButton(testSKGHome3DButton.java:22)
... Removed 25 stack frames]]>
    </failure>
  </testcase> <!-- testSKGHome3DButton -->
  <testcase name="testSKGHome3DButton" time="127.076" classname="B2B_PageLoadTime.testSKGHome3DButton"/>
  <testcase name="testSKGHome3DButton" time="73.396" classname="B2B_PageLoadTime.testSKGHome3DButton"/>
  <testcase name="testSKGHome3DButton" time="124.529" classname="B2B_PageLoadTime.testSKGHome3DButton"/>
  <testcase name="testSKGHome3DButton" time="80.573" classname="B2B_PageLoadTime.testSKGHome3DButton"/>
  <testcase name="testSKGHome3DButton" time="46.517" classname="B2B_PageLoadTime.testSKGHome3DButton"/>
</testsuite> <!-- Test SKGHome 3DButton -->
