<?xml version="1.0" encoding="UTF-8"?>
<!-- Generated by org.testng.reporters.JUnitXMLReporter -->
<testsuite hostname="Foyr-Dev-App" name="Test HomeART HomePage Loading" tests="4" failures="0" timestamp="17 Jun 2016 11:29:10 GMT" time="1.879" errors="0">
  <testcase name="testHomeARTHomePageLoading" time="0.539" classname="PageTest.testHomeARTHomePageLoading">
    <skipped/>
  </testcase> <!-- testHomeARTHomePageLoading -->
  <testcase name="testHomeARTHomePageLoading" time="0.483" classname="PageTest.testHomeARTHomePageLoading">
    <skipped/>
  </testcase> <!-- testHomeARTHomePageLoading -->
  <testcase name="testHomeARTHomePageLoading" time="0.412" classname="PageTest.testHomeARTHomePageLoading">
    <skipped/>
  </testcase> <!-- testHomeARTHomePageLoading -->
  <testcase name="testHomeARTHomePageLoading" time="0.406" classname="PageTest.testHomeARTHomePageLoading">
    <skipped/>
  </testcase> <!-- testHomeARTHomePageLoading -->
</testsuite> <!-- Test HomeART HomePage Loading -->
